<?xml version="1.0" encoding="UTF-8"?>
<testng-results skipped="0" failed="0" total="1" passed="1">
  <reporter-output>
  </reporter-output>
  <suite name="Suite" duration-ms="19633" started-at="2021-08-16T03:44:43Z" finished-at="2021-08-16T03:45:03Z">
    <groups>
    </groups>
    <test name="Validating MercedesBenz Contact Info page" duration-ms="19633" started-at="2021-08-16T03:44:43Z" finished-at="2021-08-16T03:45:03Z">
      <class name="org.benz.testscripts.benzTest">
        <test-method status="PASS" signature="initialize()[pri:0, instance:org.benz.testscripts.benzTest@59505b48]" name="initialize" is-config="true" duration-ms="2151" started-at="2021-08-16T11:44:43Z" finished-at="2021-08-16T11:44:45Z">
          <reporter-output>
          </reporter-output>
        </test-method> <!-- initialize -->
        <test-method status="PASS" signature="mercedesBenzPageNavigation()[pri:0, instance:org.benz.testscripts.benzTest@59505b48]" name="mercedesBenzPageNavigation" duration-ms="16750" started-at="2021-08-16T11:44:45Z" finished-at="2021-08-16T11:45:02Z">
          <reporter-output>
          </reporter-output>
        </test-method> <!-- mercedesBenzPageNavigation -->
        <test-method status="PASS" signature="teardown()[pri:0, instance:org.benz.testscripts.benzTest@59505b48]" name="teardown" is-config="true" duration-ms="708" started-at="2021-08-16T11:45:02Z" finished-at="2021-08-16T11:45:03Z">
          <reporter-output>
          </reporter-output>
        </test-method> <!-- teardown -->
      </class> <!-- org.benz.testscripts.benzTest -->
    </test> <!-- Validating MercedesBenz Contact Info page -->
  </suite> <!-- Suite -->
</testng-results>
